Using pre-set license
Built from '2020.3/staging' branch; Version is '2020.3.6f1 (338bb68529b2) revision 3378102'; Using compiler version '192528614'; Build Type 'Release'
OS: 'Windows 10 Pro; OS build 19043.1348; Version 2009; 64bit' Language: 'en' Physical Memory: 32679 MB
BatchMode: 1, IsHumanControllingUs: 0, StartBugReporterOnCrash: 0, Is64bit: 1, IsPro: 0

 COMMAND LINE ARGUMENTS:
C:\Program Files\Unity\Hub\Editor\2020.3.6f1\Editor\Unity.exe
-adb2
-batchMode
-noUpm
-name
AssetImportWorker0
-projectPath
E:/Projects/Unity/PokerAllInTexasHoldem
-logFile
Logs/AssetImportWorker0.log
-srvPort
56076
Successfully changed project path to: E:/Projects/Unity/PokerAllInTexasHoldem
E:/Projects/Unity/PokerAllInTexasHoldem
Using Asset Import Pipeline V2.
Refreshing native plugins compatible for Editor in 104.23 ms, found 4 plugins.
Preloading 0 native plugins for Editor in 0.00 ms.
Initialize engine version: 2020.3.6f1 (338bb68529b2)
[Subsystems] Discovering subsystems at path C:/Program Files/Unity/Hub/Editor/2020.3.6f1/Editor/Data/Resources/UnitySubsystems
[Subsystems] Discovering subsystems at path E:/Projects/Unity/PokerAllInTexasHoldem/Assets
GfxDevice: creating device client; threaded=0
Direct3D:
    Version:  Direct3D 11.0 [level 11.1]
    Renderer: NVIDIA GeForce RTX 3080 (ID=0x2206)
    Vendor:   
    VRAM:     10077 MB
    Driver:   30.0.14.9649
Initialize mono
Mono path[0] = 'C:/Program Files/Unity/Hub/Editor/2020.3.6f1/Editor/Data/Managed'
Mono path[1] = 'C:/Program Files/Unity/Hub/Editor/2020.3.6f1/Editor/Data/MonoBleedingEdge/lib/mono/unityjit'
Mono config path = 'C:/Program Files/Unity/Hub/Editor/2020.3.6f1/Editor/Data/MonoBleedingEdge/etc'
Using monoOptions --debugger-agent=transport=dt_socket,embedding=1,server=y,suspend=n,address=127.0.0.1:56988
Begin MonoManager ReloadAssembly
Registering precompiled unity dll's ...
Register platform support module: C:/Program Files/Unity/Hub/Editor/2020.3.6f1/Editor/Data/PlaybackEngines/WindowsStandaloneSupport/UnityEditor.WindowsStandalone.Extensions.dll
Registered in 0.001778 seconds.
Native extension for WindowsStandalone target not found
Refreshing native plugins compatible for Editor in 64.28 ms, found 4 plugins.
Preloading 0 native plugins for Editor in 0.00 ms.
Mono: successfully reloaded assembly
- Completed reload, in  1.461 seconds
Platform modules already initialized, skipping
Registering precompiled user dll's ...
Registered in 0.012601 seconds.
Begin MonoManager ReloadAssembly
Native extension for WindowsStandalone target not found
Refreshing native plugins compatible for Editor in 2.14 ms, found 4 plugins.
Preloading 0 native plugins for Editor in 0.00 ms.
Mono: successfully reloaded assembly
- Completed reload, in  0.830 seconds
Platform modules already initialized, skipping
========================================================================
Worker process is ready to serve import requests
Launched and connected shader compiler UnityShaderCompiler.exe after 0.07 seconds
Refreshing native plugins compatible for Editor in 2.29 ms, found 4 plugins.
Preloading 0 native plugins for Editor in 0.00 ms.
Unloading 2036 Unused Serialized files (Serialized files now loaded: 0)
System memory in use before: 89.0 MB.
System memory in use after: 89.1 MB.

Unloading 222 unused Assets to reduce memory usage. Loaded Objects now: 2308.
Total: 4.560700 ms (FindLiveObjects: 0.245100 ms CreateObjectMapping: 0.049100 ms MarkObjects: 4.130100 ms  DeleteObjects: 0.134900 ms)

========================================================================
Received Import Request.
  path: Assets/Photon Unity Networking/Resources/PhotonServerSettings.asset
  artifactKey: Guid(648829d030670514f898721d7d2704d6) Importer(815301076,1909f56bfc062723c751e8b465ee728b)
Start importing Assets/Photon Unity Networking/Resources/PhotonServerSettings.asset using Guid(648829d030670514f898721d7d2704d6) Importer(815301076,1909f56bfc062723c751e8b465ee728b)  -> (artifact id: 'e0220e8c5ac9d6e246f5e10572f27005') in 0.025544 seconds
  Import took 0.028649 seconds .

========================================================================
Received Import Request.
  Time since last request: 0.000873 seconds.
  path: Assets/Photon Unity Networking/Resources/PhotonServerSettings.asset
  artifactKey: Guid(648829d030670514f898721d7d2704d6) Importer(815301076,1909f56bfc062723c751e8b465ee728b)
Start importing Assets/Photon Unity Networking/Resources/PhotonServerSettings.asset using Guid(648829d030670514f898721d7d2704d6) Importer(815301076,1909f56bfc062723c751e8b465ee728b)  -> (artifact id: 'e0220e8c5ac9d6e246f5e10572f27005') in 0.002150 seconds
  Import took 0.004784 seconds .

========================================================================
Received Import Request.
  Time since last request: 1312.447311 seconds.
  path: Assets/Scripts/Scripts/GamePlayManager.cs
  artifactKey: Guid(9f073d6a31e2e45859033e51cca6ea0c) Importer(815301076,1909f56bfc062723c751e8b465ee728b)
Start importing Assets/Scripts/Scripts/GamePlayManager.cs using Guid(9f073d6a31e2e45859033e51cca6ea0c) Importer(815301076,1909f56bfc062723c751e8b465ee728b)  -> (artifact id: '113bfcef0f4653a5d75da1854e450735') in 0.011118 seconds
  Import took 0.014295 seconds .

========================================================================
Received Import Request.
  Time since last request: 0.017688 seconds.
  path: Assets/Scripts/Scripts/GamePlayManager.cs
  artifactKey: Guid(9f073d6a31e2e45859033e51cca6ea0c) Importer(815301076,1909f56bfc062723c751e8b465ee728b)
Start importing Assets/Scripts/Scripts/GamePlayManager.cs using Guid(9f073d6a31e2e45859033e51cca6ea0c) Importer(815301076,1909f56bfc062723c751e8b465ee728b)  -> (artifact id: '113bfcef0f4653a5d75da1854e450735') in 0.003247 seconds
  Import took 0.006129 seconds .

========================================================================
Received Import Request.
  Time since last request: 169.531599 seconds.
  path: Assets/Plugins/Metro/Photon3Unity3D.dll
  artifactKey: Guid(3b5a0a7dce46a13459199d174ad3db3f) Importer(815301076,1909f56bfc062723c751e8b465ee728b)
Start importing Assets/Plugins/Metro/Photon3Unity3D.dll using Guid(3b5a0a7dce46a13459199d174ad3db3f) Importer(815301076,1909f56bfc062723c751e8b465ee728b)  -> (artifact id: 'a8e2e71cc28d481dc38441901be78e70') in 0.009610 seconds
  Import took 0.012604 seconds .

========================================================================
Received Import Request.
  Time since last request: 0.007889 seconds.
  path: Assets/Plugins/Metro/Photon3Unity3D.dll
  artifactKey: Guid(3b5a0a7dce46a13459199d174ad3db3f) Importer(815301076,1909f56bfc062723c751e8b465ee728b)
Start importing Assets/Plugins/Metro/Photon3Unity3D.dll using Guid(3b5a0a7dce46a13459199d174ad3db3f) Importer(815301076,1909f56bfc062723c751e8b465ee728b)  -> (artifact id: 'a8e2e71cc28d481dc38441901be78e70') in 0.003002 seconds
  Import took 0.005801 seconds .

========================================================================
Received Prepare
Registering precompiled user dll's ...
Registered in 0.012559 seconds.
Begin MonoManager ReloadAssembly
Native extension for WindowsStandalone target not found
Refreshing native plugins compatible for Editor in 2.43 ms, found 4 plugins.
Preloading 0 native plugins for Editor in 0.00 ms.
Mono: successfully reloaded assembly
- Completed reload, in  0.980 seconds
Platform modules already initialized, skipping
Switching build target platform(5) subTarget(0) extendedPlatform(0) -> platform(13) subTarget(537395200) extendedPlatform(0)
Refreshing native plugins compatible for Editor in 2.13 ms, found 4 plugins.
Preloading 0 native plugins for Editor in 0.00 ms.
Unloading 2096 Unused Serialized files (Serialized files now loaded: 0)
System memory in use before: 90.9 MB.
System memory in use after: 91.0 MB.

Unloading 302 unused Assets to reduce memory usage. Loaded Objects now: 2311.
Total: 4.704800 ms (FindLiveObjects: 0.293100 ms CreateObjectMapping: 0.114300 ms MarkObjects: 4.203800 ms  DeleteObjects: 0.092400 ms)

AssetImportParameters requested are different than current active one (requested -> active):
  custom:graphics/normal-map-encoding: 01000000000000000000000000000000 -> 02000000000000000000000000000000
AssetImportWorkerClient::OnTransportError - code=2 error=End of file
